2023-09-26 14:14:44.413 INFO  Processando proposta 842785851 (Processo 1 de 2) 
2023-09-26 14:14:44.459 INFO  Processando proposta 842867435 (Processo 1 de 2) 
2023-09-26 14:14:44.677 INFO  proposalData response.data:: da proposta 842785851 == [] 
2023-09-26 14:14:44.677 INFO  dadosProposta linha 137 842785851 :: [] 
2023-09-26 14:14:44.677 INFO  Propostqa  842785851 não encontrada 
2023-09-26 14:14:45.073 INFO  proposalData response.data:: da proposta 842867435 == [{"cpf":"28353692449","propostaId":"842867435","sessionId":"e5c7379e-bb70-48ce-8df8-d092fb6fbe8e","clientId":"14641011","createdAt":"2020-06-10T18:50:22Z","status":"DERIVED","statusMesa":"APROVADO"},{"cpf":"28353692449","propostaId":"842867435","sessionId":"8dc32be0-4eec-46c4-8566-9e902fb8c71e","clientId":"14641011","createdAt":"2020-06-05T08:04:43Z","status":"EXPIRED","statusMesa":null}] 
2023-09-26 14:14:45.073 INFO  dadosProposta linha 137 842867435 :: [{"cpf":"28353692449","propostaId":"842867435","sessionId":"e5c7379e-bb70-48ce-8df8-d092fb6fbe8e","clientId":"14641011","createdAt":"2020-06-10T18:50:22Z","status":"DERIVED","statusMesa":"APROVADO"},{"cpf":"28353692449","propostaId":"842867435","sessionId":"8dc32be0-4eec-46c4-8566-9e902fb8c71e","clientId":"14641011","createdAt":"2020-06-05T08:04:43Z","status":"EXPIRED","statusMesa":null}] 
2023-09-26 14:14:45.073 INFO   Linha 85 : {"cpf":"28353692449","propostaId":"842867435","sessionId":"e5c7379e-bb70-48ce-8df8-d092fb6fbe8e","clientId":"14641011","createdAt":"2020-06-10T18:50:22Z","status":"DERIVED","statusMesa":"APROVADO"} 
2023-09-26 14:14:45.073 INFO  Executando _getDocumentsBySubscription com dados :: proposalId: 842867435 e product: REFINANCIAMENTO 
2023-09-26 14:14:45.491 ERROR _getDocumentBySubscription :: Contrato não encontrado para proposta 842867435 e documento BGNCCBUNIFV15 
2023-09-26 14:14:45.491 ERROR Erro na API::  AxiosError: Request failed with status code 403  
2023-09-26 14:14:45.938 ERROR _getDocumentBySubscription :: Contrato não encontrado para proposta 842867435 e documento BGNCCBUNIFV14 
2023-09-26 14:14:45.938 ERROR Erro na API::  AxiosError: Request failed with status code 403  
2023-09-26 14:14:46.465 ERROR _getDocumentBySubscription :: Contrato não encontrado para proposta 842867435 e documento BGNCCBUNIFV13 
2023-09-26 14:14:46.465 ERROR Erro na API::  AxiosError: Request failed with status code 403  
2023-09-26 14:14:46.788 ERROR _getDocumentBySubscription :: Contrato não encontrado para proposta 842867435 e documento BGNCCBCSGPCONV3 
2023-09-26 14:14:46.788 ERROR Erro na API::  AxiosError: Request failed with status code 403  
2023-09-26 14:14:47.334 ERROR _getDocumentBySubscription :: Contrato não encontrado para proposta 842867435 e documento BGNCCBCSGPCON 
2023-09-26 14:14:47.334 ERROR Erro na API::  AxiosError: Request failed with status code 403  
2023-09-26 14:14:47.672 ERROR _getDocumentBySubscription :: Contrato não encontrado para proposta 842867435 e documento BGNCCBUNIFV13 
2023-09-26 14:14:47.672 ERROR Erro na API::  AxiosError: Request failed with status code 403  
2023-09-26 14:14:47.672 INFO  Processando proposta 842772753 (Processo 2 de 2) 
2023-09-26 14:14:47.788 INFO  proposalData response.data:: da proposta 842772753 == [] 
2023-09-26 14:14:47.788 INFO  dadosProposta linha 137 842772753 :: [] 
2023-09-26 14:14:47.788 INFO  Propostqa  842772753 não encontrada 
